2026-02-12 00:16:06.667 [main] INFO  c.e.e.EmployeeServiceApplication [cid=] - Starting EmployeeServiceApplication using Java 17.0.17 with PID 8468 (C:\Users\prafu\IdeaProjects\employee-service\target\classes started by prafu in C:\Users\prafu\IdeaProjects\employee-service)
2026-02-12 00:16:06.692 [main] INFO  c.e.e.EmployeeServiceApplication [cid=] - No active profile set, falling back to 1 default profile: "default"
2026-02-12 00:16:06.840 [main] INFO  o.s.c.c.c.ConfigServerConfigDataLoader [cid=] - Fetching config from server at : http://localhost:8888
2026-02-12 00:16:06.842 [main] INFO  o.s.c.c.c.ConfigServerConfigDataLoader [cid=] - Located environment: name=employee-service, profiles=[default], label=null, version=fecd99e5da7497afb7a1d8ce9ecf8ca5b4abab12, state=
2026-02-12 00:16:09.615 [main] INFO  o.s.d.r.c.RepositoryConfigurationDelegate [cid=] - Bootstrapping Spring Data JPA repositories in DEFAULT mode.
2026-02-12 00:16:10.075 [main] INFO  o.s.d.r.c.RepositoryConfigurationDelegate [cid=] - Finished Spring Data repository scanning in 437 ms. Found 1 JPA repository interface.
2026-02-12 00:16:10.867 [main] INFO  o.s.cloud.context.scope.GenericScope [cid=] - BeanFactory id=419e8196-f0bb-3887-a0a9-15d07b04e1a5
2026-02-12 00:16:11.709 [main] WARN  o.s.c.s.PostProcessorRegistrationDelegate$BeanPostProcessorChecker [cid=] - Bean 'org.springframework.cloud.client.loadbalancer.LoadBalancerAutoConfiguration$DeferringLoadBalancerInterceptorConfig' of type [org.springframework.cloud.client.loadbalancer.LoadBalancerAutoConfiguration$DeferringLoadBalancerInterceptorConfig] is not eligible for getting processed by all BeanPostProcessors (for example: not eligible for auto-proxying). The currently created BeanPostProcessor [lbRestClientPostProcessor] is declared through a non-static factory method on that class; consider declaring it as static instead.
2026-02-12 00:16:11.717 [main] WARN  o.s.c.s.PostProcessorRegistrationDelegate$BeanPostProcessorChecker [cid=] - Bean 'deferringLoadBalancerInterceptor' of type [org.springframework.cloud.client.loadbalancer.DeferringLoadBalancerInterceptor] is not eligible for getting processed by all BeanPostProcessors (for example: not eligible for auto-proxying). Is this bean getting eagerly injected into a currently created BeanPostProcessor [lbRestClientPostProcessor]? Check the corresponding BeanPostProcessor declaration and its dependencies.
2026-02-12 00:16:12.541 [main] INFO  o.s.b.w.e.tomcat.TomcatWebServer [cid=] - Tomcat initialized with port 8081 (http)
2026-02-12 00:16:12.570 [main] INFO  o.a.coyote.http11.Http11NioProtocol [cid=] - Initializing ProtocolHandler ["http-nio-8081"]
2026-02-12 00:16:12.575 [main] INFO  o.a.catalina.core.StandardService [cid=] - Starting service [Tomcat]
2026-02-12 00:16:12.576 [main] INFO  o.a.catalina.core.StandardEngine [cid=] - Starting Servlet engine: [Apache Tomcat/10.1.20]
2026-02-12 00:16:12.812 [main] INFO  o.a.c.c.C.[Tomcat].[localhost].[/] [cid=] - Initializing Spring embedded WebApplicationContext
2026-02-12 00:16:12.813 [main] INFO  o.s.b.w.s.c.ServletWebServerApplicationContext [cid=] - Root WebApplicationContext: initialization completed in 5965 ms
2026-02-12 00:16:14.107 [main] INFO  o.h.jpa.internal.util.LogHelper [cid=] - HHH000204: Processing PersistenceUnitInfo [name: default]
2026-02-12 00:16:14.305 [main] INFO  org.hibernate.Version [cid=] - HHH000412: Hibernate ORM core version 6.4.4.Final
2026-02-12 00:16:14.419 [main] INFO  o.h.c.i.RegionFactoryInitiator [cid=] - HHH000026: Second-level cache disabled
2026-02-12 00:16:15.226 [main] INFO  o.s.o.j.p.SpringPersistenceUnitInfo [cid=] - No LoadTimeWeaver setup: ignoring JPA class transformer
2026-02-12 00:16:15.346 [main] INFO  com.zaxxer.hikari.HikariDataSource [cid=] - HikariPool-1 - Starting...
2026-02-12 00:16:15.835 [main] INFO  com.zaxxer.hikari.pool.HikariPool [cid=] - HikariPool-1 - Added connection com.mysql.cj.jdbc.ConnectionImpl@6870a76f
2026-02-12 00:16:15.840 [main] INFO  com.zaxxer.hikari.HikariDataSource [cid=] - HikariPool-1 - Start completed.
2026-02-12 00:16:16.348 [main] WARN  org.hibernate.orm.deprecation [cid=] - HHH90000025: MySQLDialect does not need to be specified explicitly using 'hibernate.dialect' (remove the property setting and it will be selected by default)
2026-02-12 00:16:19.564 [main] INFO  o.h.e.t.j.p.i.JtaPlatformInitiator [cid=] - HHH000489: No JTA platform available (set 'hibernate.transaction.jta.platform' to enable JTA platform integration)
2026-02-12 00:16:19.670 [main] INFO  o.s.o.j.LocalContainerEntityManagerFactoryBean [cid=] - Initialized JPA EntityManagerFactory for persistence unit 'default'
2026-02-12 00:16:20.845 [main] INFO  o.s.c.o.FeignClientFactoryBean [cid=] - For 'DEPARTMENT-SERVICE' URL not provided. Will try picking an instance via load-balancing.
2026-02-12 00:16:22.750 [main] INFO  o.s.c.n.e.c.DiscoveryClientOptionalArgsConfiguration [cid=] - Eureka HTTP Client uses RestTemplate.
2026-02-12 00:16:22.849 [main] WARN  o.s.c.l.c.LoadBalancerCacheAutoConfiguration$LoadBalancerCaffeineWarnLogger [cid=] - Spring Cloud LoadBalancer is currently working with the default cache. While this cache implementation is useful for development and tests, it's recommended to use Caffeine cache in production.You can switch to using Caffeine cache, by adding it and org.springframework.cache.caffeine.CaffeineCacheManager to the classpath.
2026-02-12 00:16:22.878 [main] INFO  o.s.b.a.e.web.EndpointLinksResolver [cid=] - Exposing 6 endpoint(s) beneath base path '/actuator'
2026-02-12 00:16:23.087 [main] INFO  o.s.c.n.eureka.InstanceInfoFactory [cid=] - Setting initial instance status as: STARTING
2026-02-12 00:16:23.177 [main] INFO  c.netflix.discovery.DiscoveryClient [cid=] - Initializing Eureka in region us-east-1
2026-02-12 00:16:23.190 [main] INFO  c.n.d.s.r.aws.ConfigClusterResolver [cid=] - Resolving eureka endpoints via configuration
2026-02-12 00:16:23.247 [main] INFO  c.netflix.discovery.DiscoveryClient [cid=] - Disable delta property : false
2026-02-12 00:16:23.247 [main] INFO  c.netflix.discovery.DiscoveryClient [cid=] - Single vip registry refresh property : null
2026-02-12 00:16:23.248 [main] INFO  c.netflix.discovery.DiscoveryClient [cid=] - Force full registry fetch : false
2026-02-12 00:16:23.248 [main] INFO  c.netflix.discovery.DiscoveryClient [cid=] - Application is null : false
2026-02-12 00:16:23.248 [main] INFO  c.netflix.discovery.DiscoveryClient [cid=] - Registered Applications size is zero : true
2026-02-12 00:16:23.248 [main] INFO  c.netflix.discovery.DiscoveryClient [cid=] - Application version is -1: true
2026-02-12 00:16:23.248 [main] INFO  c.netflix.discovery.DiscoveryClient [cid=] - Getting all instance registry info from the eureka server
2026-02-12 00:16:23.788 [main] INFO  c.netflix.discovery.DiscoveryClient [cid=] - The response status is 200
2026-02-12 00:16:23.795 [main] INFO  c.netflix.discovery.DiscoveryClient [cid=] - Starting heartbeat executor: renew interval is: 30
2026-02-12 00:16:23.801 [main] INFO  c.n.discovery.InstanceInfoReplicator [cid=] - InstanceInfoReplicator onDemand update allowed rate per min is 4
2026-02-12 00:16:23.808 [main] INFO  c.netflix.discovery.DiscoveryClient [cid=] - Discovery Client initialized at timestamp 1770835583807 with initial instances count: 1
2026-02-12 00:16:23.817 [main] INFO  o.s.c.n.e.s.EurekaServiceRegistry [cid=] - Registering application EMPLOYEE-SERVICE with eureka with status UP
2026-02-12 00:16:23.818 [main] INFO  c.netflix.discovery.DiscoveryClient [cid=] - Saw local status change event StatusChangeEvent [timestamp=1770835583818, current=UP, previous=STARTING]
2026-02-12 00:16:23.822 [main] INFO  o.a.coyote.http11.Http11NioProtocol [cid=] - Starting ProtocolHandler ["http-nio-8081"]
2026-02-12 00:16:23.823 [DiscoveryClient-InstanceInfoReplicator-0] INFO  c.netflix.discovery.DiscoveryClient [cid=] - DiscoveryClient_EMPLOYEE-SERVICE/host.docker.internal:employee-service:8081: registering service...
2026-02-12 00:16:23.881 [main] INFO  o.s.b.w.e.tomcat.TomcatWebServer [cid=] - Tomcat started on port 8081 (http) with context path ''
2026-02-12 00:16:23.883 [main] INFO  o.s.c.n.e.s.EurekaAutoServiceRegistration [cid=] - Updating port to 8081
2026-02-12 00:16:23.921 [DiscoveryClient-InstanceInfoReplicator-0] INFO  c.netflix.discovery.DiscoveryClient [cid=] - DiscoveryClient_EMPLOYEE-SERVICE/host.docker.internal:employee-service:8081 - registration status: 204
2026-02-12 00:16:24.186 [main] INFO  c.e.e.EmployeeServiceApplication [cid=] - Started EmployeeServiceApplication in 21.815 seconds (process running for 24.896)
2026-02-12 00:16:24.440 [RMI TCP Connection(1)-192.168.31.236] INFO  o.a.c.c.C.[Tomcat].[localhost].[/] [cid=] - Initializing Spring DispatcherServlet 'dispatcherServlet'
2026-02-12 00:16:24.441 [RMI TCP Connection(1)-192.168.31.236] INFO  o.s.web.servlet.DispatcherServlet [cid=] - Initializing Servlet 'dispatcherServlet'
2026-02-12 00:16:24.447 [RMI TCP Connection(1)-192.168.31.236] INFO  o.s.web.servlet.DispatcherServlet [cid=] - Completed initialization in 6 ms
2026-02-12 00:16:51.824 [http-nio-8081-exec-1] INFO  c.e.e.logging.RequestLoggingFilter [cid=API-GATEWAY-afdf9616-21a6-42c6-b229-a60f5ca31d69] - [REQ] method=GET uri=/employees/1
2026-02-12 00:16:52.009 [http-nio-8081-exec-1] DEBUG org.hibernate.SQL [cid=API-GATEWAY-afdf9616-21a6-42c6-b229-a60f5ca31d69] - select e1_0.id,e1_0.email,e1_0.name from employees e1_0 where e1_0.id=?
2026-02-12 00:16:52.220 [http-nio-8081-exec-1] WARN  o.s.c.l.core.RoundRobinLoadBalancer [cid=API-GATEWAY-afdf9616-21a6-42c6-b229-a60f5ca31d69] - No servers available for service: DEPARTMENT-SERVICE
2026-02-12 00:16:52.232 [http-nio-8081-exec-1] WARN  o.s.c.o.l.FeignBlockingLoadBalancerClient [cid=API-GATEWAY-afdf9616-21a6-42c6-b229-a60f5ca31d69] - Load balancer does not contain an instance for the service DEPARTMENT-SERVICE
2026-02-12 00:16:52.279 [http-nio-8081-exec-1] ERROR o.a.c.c.C.[.[.[.[dispatcherServlet] [cid=] - Servlet.service() for servlet [dispatcherServlet] in context with path [] threw exception [Request processing failed: feign.FeignException$ServiceUnavailable: [503] during [GET] to [http://DEPARTMENT-SERVICE/departments/1] [DepartmentClient#getDepartmentById(Long)]: [Load balancer does not contain an instance for the service DEPARTMENT-SERVICE]] with root cause
feign.FeignException$ServiceUnavailable: [503] during [GET] to [http://DEPARTMENT-SERVICE/departments/1] [DepartmentClient#getDepartmentById(Long)]: [Load balancer does not contain an instance for the service DEPARTMENT-SERVICE]
	at feign.FeignException.serverErrorStatus(FeignException.java:265)
	at feign.FeignException.errorStatus(FeignException.java:206)
	at feign.FeignException.errorStatus(FeignException.java:194)
	at feign.codec.ErrorDecoder$Default.decode(ErrorDecoder.java:103)
	at feign.InvocationContext.decodeError(InvocationContext.java:126)
	at feign.InvocationContext.proceed(InvocationContext.java:72)
	at feign.ResponseHandler.handleResponse(ResponseHandler.java:63)
	at feign.SynchronousMethodHandler.executeAndDecode(SynchronousMethodHandler.java:114)
	at feign.SynchronousMethodHandler.invoke(SynchronousMethodHandler.java:70)
	at feign.ReflectiveFeign$FeignInvocationHandler.invoke(ReflectiveFeign.java:99)
	at jdk.proxy2/jdk.proxy2.$Proxy155.getDepartmentById(Unknown Source)
	at com.example.employeeservice.controller.EmployeeController.getEmployeeWithDepartment(EmployeeController.java:36)
	at java.base/jdk.internal.reflect.NativeMethodAccessorImpl.invoke0(Native Method)
	at java.base/jdk.internal.reflect.NativeMethodAccessorImpl.invoke(NativeMethodAccessorImpl.java:77)
	at java.base/jdk.internal.reflect.DelegatingMethodAccessorImpl.invoke(DelegatingMethodAccessorImpl.java:43)
	at java.base/java.lang.reflect.Method.invoke(Method.java:569)
	at org.springframework.web.method.support.InvocableHandlerMethod.doInvoke(InvocableHandlerMethod.java:255)
	at org.springframework.web.method.support.InvocableHandlerMethod.invokeForRequest(InvocableHandlerMethod.java:188)
	at org.springframework.web.servlet.mvc.method.annotation.ServletInvocableHandlerMethod.invokeAndHandle(ServletInvocableHandlerMethod.java:118)
	at org.springframework.web.servlet.mvc.method.annotation.RequestMappingHandlerAdapter.invokeHandlerMethod(RequestMappingHandlerAdapter.java:926)
	at org.springframework.web.servlet.mvc.method.annotation.RequestMappingHandlerAdapter.handleInternal(RequestMappingHandlerAdapter.java:831)
	at org.springframework.web.servlet.mvc.method.AbstractHandlerMethodAdapter.handle(AbstractHandlerMethodAdapter.java:87)
	at org.springframework.web.servlet.DispatcherServlet.doDispatch(DispatcherServlet.java:1089)
	at org.springframework.web.servlet.DispatcherServlet.doService(DispatcherServlet.java:979)
	at org.springframework.web.servlet.FrameworkServlet.processRequest(FrameworkServlet.java:1014)
	at org.springframework.web.servlet.FrameworkServlet.doGet(FrameworkServlet.java:903)
	at jakarta.servlet.http.HttpServlet.service(HttpServlet.java:564)
	at org.springframework.web.servlet.FrameworkServlet.service(FrameworkServlet.java:885)
	at jakarta.servlet.http.HttpServlet.service(HttpServlet.java:658)
	at org.apache.catalina.core.ApplicationFilterChain.internalDoFilter(ApplicationFilterChain.java:206)
	at org.apache.catalina.core.ApplicationFilterChain.doFilter(ApplicationFilterChain.java:150)
	at org.apache.tomcat.websocket.server.WsFilter.doFilter(WsFilter.java:51)
	at org.apache.catalina.core.ApplicationFilterChain.internalDoFilter(ApplicationFilterChain.java:175)
	at org.apache.catalina.core.ApplicationFilterChain.doFilter(ApplicationFilterChain.java:150)
	at com.example.employeeservice.logging.RequestLoggingFilter.doFilterInternal(RequestLoggingFilter.java:48)
	at org.springframework.web.filter.OncePerRequestFilter.doFilter(OncePerRequestFilter.java:116)
	at org.apache.catalina.core.ApplicationFilterChain.internalDoFilter(ApplicationFilterChain.java:175)
	at org.apache.catalina.core.ApplicationFilterChain.doFilter(ApplicationFilterChain.java:150)
	at com.example.employeeservice.logging.CorrelationIdFilter.doFilterInternal(CorrelationIdFilter.java:27)
	at org.springframework.web.filter.OncePerRequestFilter.doFilter(OncePerRequestFilter.java:116)
	at org.apache.catalina.core.ApplicationFilterChain.internalDoFilter(ApplicationFilterChain.java:175)
	at org.apache.catalina.core.ApplicationFilterChain.doFilter(ApplicationFilterChain.java:150)
	at org.springframework.web.filter.RequestContextFilter.doFilterInternal(RequestContextFilter.java:100)
	at org.springframework.web.filter.OncePerRequestFilter.doFilter(OncePerRequestFilter.java:116)
	at org.apache.catalina.core.ApplicationFilterChain.internalDoFilter(ApplicationFilterChain.java:175)
	at org.apache.catalina.core.ApplicationFilterChain.doFilter(ApplicationFilterChain.java:150)
	at org.springframework.web.filter.FormContentFilter.doFilterInternal(FormContentFilter.java:93)
	at org.springframework.web.filter.OncePerRequestFilter.doFilter(OncePerRequestFilter.java:116)
	at org.apache.catalina.core.ApplicationFilterChain.internalDoFilter(ApplicationFilterChain.java:175)
	at org.apache.catalina.core.ApplicationFilterChain.doFilter(ApplicationFilterChain.java:150)
	at org.springframework.web.filter.ServerHttpObservationFilter.doFilterInternal(ServerHttpObservationFilter.java:109)
	at org.springframework.web.filter.OncePerRequestFilter.doFilter(OncePerRequestFilter.java:116)
	at org.apache.catalina.core.ApplicationFilterChain.internalDoFilter(ApplicationFilterChain.java:175)
	at org.apache.catalina.core.ApplicationFilterChain.doFilter(ApplicationFilterChain.java:150)
	at org.springframework.web.filter.CharacterEncodingFilter.doFilterInternal(CharacterEncodingFilter.java:201)
	at org.springframework.web.filter.OncePerRequestFilter.doFilter(OncePerRequestFilter.java:116)
	at org.apache.catalina.core.ApplicationFilterChain.internalDoFilter(ApplicationFilterChain.java:175)
	at org.apache.catalina.core.ApplicationFilterChain.doFilter(ApplicationFilterChain.java:150)
	at org.apache.catalina.core.StandardWrapperValve.invoke(StandardWrapperValve.java:167)
	at org.apache.catalina.core.StandardContextValve.invoke(StandardContextValve.java:90)
	at org.apache.catalina.authenticator.AuthenticatorBase.invoke(AuthenticatorBase.java:482)
	at org.apache.catalina.core.StandardHostValve.invoke(StandardHostValve.java:115)
	at org.apache.catalina.valves.ErrorReportValve.invoke(ErrorReportValve.java:93)
	at org.apache.catalina.core.StandardEngineValve.invoke(StandardEngineValve.java:74)
	at org.apache.catalina.connector.CoyoteAdapter.service(CoyoteAdapter.java:344)
	at org.apache.coyote.http11.Http11Processor.service(Http11Processor.java:391)
	at org.apache.coyote.AbstractProcessorLight.process(AbstractProcessorLight.java:63)
	at org.apache.coyote.AbstractProtocol$ConnectionHandler.process(AbstractProtocol.java:896)
	at org.apache.tomcat.util.net.NioEndpoint$SocketProcessor.doRun(NioEndpoint.java:1736)
	at org.apache.tomcat.util.net.SocketProcessorBase.run(SocketProcessorBase.java:52)
	at org.apache.tomcat.util.threads.ThreadPoolExecutor.runWorker(ThreadPoolExecutor.java:1191)
	at org.apache.tomcat.util.threads.ThreadPoolExecutor$Worker.run(ThreadPoolExecutor.java:659)
	at org.apache.tomcat.util.threads.TaskThread$WrappingRunnable.run(TaskThread.java:63)
	at java.base/java.lang.Thread.run(Thread.java:840)
2026-02-12 00:17:00.935 [http-nio-8081-exec-2] INFO  c.e.e.logging.RequestLoggingFilter [cid=API-GATEWAY-c5903dee-5d34-4c7e-9d7b-6403d4bb990c] - [REQ] method=GET uri=/employees/1
2026-02-12 00:17:00.941 [http-nio-8081-exec-2] DEBUG org.hibernate.SQL [cid=API-GATEWAY-c5903dee-5d34-4c7e-9d7b-6403d4bb990c] - select e1_0.id,e1_0.email,e1_0.name from employees e1_0 where e1_0.id=?
2026-02-12 00:17:01.749 [http-nio-8081-exec-2] INFO  c.e.e.logging.RequestLoggingFilter [cid=API-GATEWAY-c5903dee-5d34-4c7e-9d7b-6403d4bb990c] - [RES] status=200 time=814ms
