2026-02-12 00:16:01.399 [main] INFO  c.p.d.DepartmentServiceApplication [cid=] - Starting DepartmentServiceApplication using Java 17.0.17 with PID 2328 (C:\Users\prafu\IdeaProjects\department-service\target\classes started by prafu in C:\Users\prafu\IdeaProjects\department-service)
2026-02-12 00:16:01.415 [main] INFO  c.p.d.DepartmentServiceApplication [cid=] - No active profile set, falling back to 1 default profile: "default"
2026-02-12 00:16:01.529 [main] INFO  o.s.c.c.c.ConfigServerConfigDataLoader [cid=] - Fetching config from server at : http://localhost:8888
2026-02-12 00:16:01.530 [main] INFO  o.s.c.c.c.ConfigServerConfigDataLoader [cid=] - Located environment: name=department-service, profiles=[default], label=null, version=fecd99e5da7497afb7a1d8ce9ecf8ca5b4abab12, state=
2026-02-12 00:16:04.610 [main] INFO  o.s.d.r.c.RepositoryConfigurationDelegate [cid=] - Bootstrapping Spring Data JPA repositories in DEFAULT mode.
2026-02-12 00:16:04.667 [main] INFO  o.s.d.r.c.RepositoryConfigurationDelegate [cid=] - Finished Spring Data repository scanning in 33 ms. Found 0 JPA repository interfaces.
2026-02-12 00:16:05.287 [main] INFO  o.s.cloud.context.scope.GenericScope [cid=] - BeanFactory id=966cb7eb-a657-3762-8577-5d1519f4884b
2026-02-12 00:16:06.480 [main] WARN  o.s.c.s.PostProcessorRegistrationDelegate$BeanPostProcessorChecker [cid=] - Bean 'org.springframework.cloud.client.loadbalancer.LoadBalancerAutoConfiguration$DeferringLoadBalancerInterceptorConfig' of type [org.springframework.cloud.client.loadbalancer.LoadBalancerAutoConfiguration$DeferringLoadBalancerInterceptorConfig] is not eligible for getting processed by all BeanPostProcessors (for example: not eligible for auto-proxying). The currently created BeanPostProcessor [lbRestClientPostProcessor] is declared through a non-static factory method on that class; consider declaring it as static instead.
2026-02-12 00:16:06.488 [main] WARN  o.s.c.s.PostProcessorRegistrationDelegate$BeanPostProcessorChecker [cid=] - Bean 'deferringLoadBalancerInterceptor' of type [org.springframework.cloud.client.loadbalancer.DeferringLoadBalancerInterceptor] is not eligible for getting processed by all BeanPostProcessors (for example: not eligible for auto-proxying). Is this bean getting eagerly injected into a currently created BeanPostProcessor [lbRestClientPostProcessor]? Check the corresponding BeanPostProcessor declaration and its dependencies.
2026-02-12 00:16:07.400 [main] INFO  o.s.b.w.e.tomcat.TomcatWebServer [cid=] - Tomcat initialized with port 0 (http)
2026-02-12 00:16:07.429 [main] INFO  o.a.coyote.http11.Http11NioProtocol [cid=] - Initializing ProtocolHandler ["http-nio-auto-1"]
2026-02-12 00:16:07.436 [main] INFO  o.a.catalina.core.StandardService [cid=] - Starting service [Tomcat]
2026-02-12 00:16:07.437 [main] INFO  o.a.catalina.core.StandardEngine [cid=] - Starting Servlet engine: [Apache Tomcat/10.1.20]
2026-02-12 00:16:07.703 [main] INFO  o.a.c.c.C.[Tomcat].[localhost].[/] [cid=] - Initializing Spring embedded WebApplicationContext
2026-02-12 00:16:07.704 [main] INFO  o.s.b.w.s.c.ServletWebServerApplicationContext [cid=] - Root WebApplicationContext: initialization completed in 6167 ms
2026-02-12 00:16:08.792 [main] INFO  o.h.jpa.internal.util.LogHelper [cid=] - HHH000204: Processing PersistenceUnitInfo [name: default]
2026-02-12 00:16:09.001 [main] INFO  org.hibernate.Version [cid=] - HHH000412: Hibernate ORM core version 6.4.4.Final
2026-02-12 00:16:09.123 [main] INFO  o.h.c.i.RegionFactoryInitiator [cid=] - HHH000026: Second-level cache disabled
2026-02-12 00:16:09.931 [main] INFO  o.s.o.j.p.SpringPersistenceUnitInfo [cid=] - No LoadTimeWeaver setup: ignoring JPA class transformer
2026-02-12 00:16:10.020 [main] INFO  com.zaxxer.hikari.HikariDataSource [cid=] - HikariPool-1 - Starting...
2026-02-12 00:16:10.468 [main] INFO  com.zaxxer.hikari.pool.HikariPool [cid=] - HikariPool-1 - Added connection com.mysql.cj.jdbc.ConnectionImpl@66ab088c
2026-02-12 00:16:10.473 [main] INFO  com.zaxxer.hikari.HikariDataSource [cid=] - HikariPool-1 - Start completed.
2026-02-12 00:16:11.677 [main] INFO  o.h.e.t.j.p.i.JtaPlatformInitiator [cid=] - HHH000489: No JTA platform available (set 'hibernate.transaction.jta.platform' to enable JTA platform integration)
2026-02-12 00:16:11.697 [main] INFO  o.s.o.j.LocalContainerEntityManagerFactoryBean [cid=] - Initialized JPA EntityManagerFactory for persistence unit 'default'
2026-02-12 00:16:11.874 [main] WARN  o.s.b.a.o.j.JpaBaseConfiguration$JpaWebConfiguration [cid=] - spring.jpa.open-in-view is enabled by default. Therefore, database queries may be performed during view rendering. Explicitly configure spring.jpa.open-in-view to disable this warning
2026-02-12 00:16:15.641 [main] INFO  o.s.c.n.e.c.DiscoveryClientOptionalArgsConfiguration [cid=] - Eureka HTTP Client uses RestTemplate.
2026-02-12 00:16:15.988 [main] WARN  o.s.c.l.c.LoadBalancerCacheAutoConfiguration$LoadBalancerCaffeineWarnLogger [cid=] - Spring Cloud LoadBalancer is currently working with the default cache. While this cache implementation is useful for development and tests, it's recommended to use Caffeine cache in production.You can switch to using Caffeine cache, by adding it and org.springframework.cache.caffeine.CaffeineCacheManager to the classpath.
2026-02-12 00:16:16.106 [main] INFO  o.s.b.a.e.web.EndpointLinksResolver [cid=] - Exposing 6 endpoint(s) beneath base path '/actuator'
2026-02-12 00:16:16.652 [main] INFO  o.a.coyote.http11.Http11NioProtocol [cid=] - Starting ProtocolHandler ["http-nio-auto-1"]
2026-02-12 00:16:16.721 [main] INFO  o.s.b.w.e.tomcat.TomcatWebServer [cid=] - Tomcat started on port 61319 (http) with context path ''
2026-02-12 00:16:16.725 [main] INFO  o.s.c.n.e.s.EurekaAutoServiceRegistration [cid=] - Updating port to 61319
2026-02-12 00:16:16.737 [main] INFO  o.s.c.n.eureka.InstanceInfoFactory [cid=] - Setting initial instance status as: STARTING
2026-02-12 00:16:16.956 [main] INFO  c.netflix.discovery.DiscoveryClient [cid=] - Initializing Eureka in region us-east-1
2026-02-12 00:16:16.979 [main] INFO  c.n.d.s.r.aws.ConfigClusterResolver [cid=] - Resolving eureka endpoints via configuration
2026-02-12 00:16:17.119 [main] INFO  c.netflix.discovery.DiscoveryClient [cid=] - Disable delta property : false
2026-02-12 00:16:17.119 [main] INFO  c.netflix.discovery.DiscoveryClient [cid=] - Single vip registry refresh property : null
2026-02-12 00:16:17.119 [main] INFO  c.netflix.discovery.DiscoveryClient [cid=] - Force full registry fetch : false
2026-02-12 00:16:17.119 [main] INFO  c.netflix.discovery.DiscoveryClient [cid=] - Application is null : false
2026-02-12 00:16:17.119 [main] INFO  c.netflix.discovery.DiscoveryClient [cid=] - Registered Applications size is zero : true
2026-02-12 00:16:17.120 [main] INFO  c.netflix.discovery.DiscoveryClient [cid=] - Application version is -1: true
2026-02-12 00:16:17.120 [main] INFO  c.netflix.discovery.DiscoveryClient [cid=] - Getting all instance registry info from the eureka server
2026-02-12 00:16:17.991 [main] INFO  c.netflix.discovery.DiscoveryClient [cid=] - The response status is 200
2026-02-12 00:16:17.997 [main] INFO  c.netflix.discovery.DiscoveryClient [cid=] - Starting heartbeat executor: renew interval is: 30
2026-02-12 00:16:18.004 [main] INFO  c.n.discovery.InstanceInfoReplicator [cid=] - InstanceInfoReplicator onDemand update allowed rate per min is 4
2026-02-12 00:16:18.012 [main] INFO  c.netflix.discovery.DiscoveryClient [cid=] - Discovery Client initialized at timestamp 1770835578012 with initial instances count: 1
2026-02-12 00:16:18.030 [main] INFO  o.s.c.n.e.s.EurekaServiceRegistry [cid=] - Registering application DEPARTMENT-SERVICE with eureka with status UP
2026-02-12 00:16:18.031 [main] INFO  c.netflix.discovery.DiscoveryClient [cid=] - Saw local status change event StatusChangeEvent [timestamp=1770835578031, current=UP, previous=STARTING]
2026-02-12 00:16:18.036 [DiscoveryClient-InstanceInfoReplicator-0] INFO  c.netflix.discovery.DiscoveryClient [cid=] - DiscoveryClient_DEPARTMENT-SERVICE/host.docker.internal:department-service:0: registering service...
2026-02-12 00:16:18.161 [DiscoveryClient-InstanceInfoReplicator-0] INFO  c.netflix.discovery.DiscoveryClient [cid=] - DiscoveryClient_DEPARTMENT-SERVICE/host.docker.internal:department-service:0 - registration status: 204
2026-02-12 00:16:18.462 [main] INFO  c.p.d.DepartmentServiceApplication [cid=] - Started DepartmentServiceApplication in 23.106 seconds (process running for 26.055)
2026-02-12 00:16:18.896 [RMI TCP Connection(1)-192.168.31.236] INFO  o.a.c.c.C.[Tomcat].[localhost].[/] [cid=] - Initializing Spring DispatcherServlet 'dispatcherServlet'
2026-02-12 00:16:18.897 [RMI TCP Connection(1)-192.168.31.236] INFO  o.s.web.servlet.DispatcherServlet [cid=] - Initializing Servlet 'dispatcherServlet'
2026-02-12 00:16:18.903 [RMI TCP Connection(1)-192.168.31.236] INFO  o.s.web.servlet.DispatcherServlet [cid=] - Completed initialization in 5 ms
