2026-02-12 00:14:57.724 [background-preinit] INFO  o.h.validator.internal.util.Version - HV000001: Hibernate Validator 8.0.1.Final
2026-02-12 00:14:57.927 [main] INFO  c.e.apigateway.ApiGatewayApplication - Starting ApiGatewayApplication using Java 17.0.17 with PID 3900 (C:\Users\prafu\IdeaProjects\api-gateway\target\classes started by prafu in C:\Users\prafu\IdeaProjects\api-gateway)
2026-02-12 00:14:57.930 [main] INFO  c.e.apigateway.ApiGatewayApplication - No active profile set, falling back to 1 default profile: "default"
2026-02-12 00:14:58.048 [main] INFO  o.s.c.c.c.ConfigServerConfigDataLoader - Fetching config from server at : http://localhost:8888
2026-02-12 00:14:58.049 [main] INFO  o.s.c.c.c.ConfigServerConfigDataLoader - Located environment: name=api-gateway, profiles=[default], label=null, version=fecd99e5da7497afb7a1d8ce9ecf8ca5b4abab12, state=
2026-02-12 00:15:07.412 [main] INFO  o.s.cloud.context.scope.GenericScope - BeanFactory id=db89eeed-a15e-3f9a-913a-05d057b07ac5
2026-02-12 00:15:08.506 [main] WARN  o.s.c.s.PostProcessorRegistrationDelegate$BeanPostProcessorChecker - Bean 'org.springframework.cloud.client.loadbalancer.LoadBalancerAutoConfiguration$DeferringLoadBalancerInterceptorConfig' of type [org.springframework.cloud.client.loadbalancer.LoadBalancerAutoConfiguration$DeferringLoadBalancerInterceptorConfig] is not eligible for getting processed by all BeanPostProcessors (for example: not eligible for auto-proxying). The currently created BeanPostProcessor [lbRestClientPostProcessor] is declared through a non-static factory method on that class; consider declaring it as static instead.
2026-02-12 00:15:08.511 [main] WARN  o.s.c.s.PostProcessorRegistrationDelegate$BeanPostProcessorChecker - Bean 'deferringLoadBalancerInterceptor' of type [org.springframework.cloud.client.loadbalancer.DeferringLoadBalancerInterceptor] is not eligible for getting processed by all BeanPostProcessors (for example: not eligible for auto-proxying). Is this bean getting eagerly injected into a currently created BeanPostProcessor [lbRestClientPostProcessor]? Check the corresponding BeanPostProcessor declaration and its dependencies.
2026-02-12 00:15:08.514 [main] WARN  o.s.c.s.PostProcessorRegistrationDelegate$BeanPostProcessorChecker - Bean 'org.springframework.cloud.client.loadbalancer.reactive.LoadBalancerBeanPostProcessorAutoConfiguration' of type [org.springframework.cloud.client.loadbalancer.reactive.LoadBalancerBeanPostProcessorAutoConfiguration] is not eligible for getting processed by all BeanPostProcessors (for example: not eligible for auto-proxying). The currently created BeanPostProcessor [loadBalancerWebClientBuilderBeanPostProcessor] is declared through a non-static factory method on that class; consider declaring it as static instead.
2026-02-12 00:15:08.517 [main] WARN  o.s.c.s.PostProcessorRegistrationDelegate$BeanPostProcessorChecker - Bean 'org.springframework.cloud.client.loadbalancer.reactive.LoadBalancerBeanPostProcessorAutoConfiguration$ReactorDeferringLoadBalancerFilterConfig' of type [org.springframework.cloud.client.loadbalancer.reactive.LoadBalancerBeanPostProcessorAutoConfiguration$ReactorDeferringLoadBalancerFilterConfig] is not eligible for getting processed by all BeanPostProcessors (for example: not eligible for auto-proxying). Is this bean getting eagerly injected into a currently created BeanPostProcessor [loadBalancerWebClientBuilderBeanPostProcessor]? Check the corresponding BeanPostProcessor declaration and its dependencies.
2026-02-12 00:15:08.530 [main] WARN  o.s.c.s.PostProcessorRegistrationDelegate$BeanPostProcessorChecker - Bean 'reactorDeferringLoadBalancerExchangeFilterFunction' of type [org.springframework.cloud.client.loadbalancer.reactive.DeferringLoadBalancerExchangeFilterFunction] is not eligible for getting processed by all BeanPostProcessors (for example: not eligible for auto-proxying). Is this bean getting eagerly injected into a currently created BeanPostProcessor [loadBalancerWebClientBuilderBeanPostProcessor]? Check the corresponding BeanPostProcessor declaration and its dependencies.
2026-02-12 00:15:18.246 [main] INFO  o.s.c.g.r.RouteDefinitionRouteLocator - Loaded RoutePredicateFactory [After]
2026-02-12 00:15:18.247 [main] INFO  o.s.c.g.r.RouteDefinitionRouteLocator - Loaded RoutePredicateFactory [Before]
2026-02-12 00:15:18.247 [main] INFO  o.s.c.g.r.RouteDefinitionRouteLocator - Loaded RoutePredicateFactory [Between]
2026-02-12 00:15:18.248 [main] INFO  o.s.c.g.r.RouteDefinitionRouteLocator - Loaded RoutePredicateFactory [Cookie]
2026-02-12 00:15:18.248 [main] INFO  o.s.c.g.r.RouteDefinitionRouteLocator - Loaded RoutePredicateFactory [Header]
2026-02-12 00:15:18.248 [main] INFO  o.s.c.g.r.RouteDefinitionRouteLocator - Loaded RoutePredicateFactory [Host]
2026-02-12 00:15:18.248 [main] INFO  o.s.c.g.r.RouteDefinitionRouteLocator - Loaded RoutePredicateFactory [Method]
2026-02-12 00:15:18.248 [main] INFO  o.s.c.g.r.RouteDefinitionRouteLocator - Loaded RoutePredicateFactory [Path]
2026-02-12 00:15:18.249 [main] INFO  o.s.c.g.r.RouteDefinitionRouteLocator - Loaded RoutePredicateFactory [Query]
2026-02-12 00:15:18.249 [main] INFO  o.s.c.g.r.RouteDefinitionRouteLocator - Loaded RoutePredicateFactory [ReadBody]
2026-02-12 00:15:18.249 [main] INFO  o.s.c.g.r.RouteDefinitionRouteLocator - Loaded RoutePredicateFactory [RemoteAddr]
2026-02-12 00:15:18.249 [main] INFO  o.s.c.g.r.RouteDefinitionRouteLocator - Loaded RoutePredicateFactory [XForwardedRemoteAddr]
2026-02-12 00:15:18.249 [main] INFO  o.s.c.g.r.RouteDefinitionRouteLocator - Loaded RoutePredicateFactory [Weight]
2026-02-12 00:15:18.250 [main] INFO  o.s.c.g.r.RouteDefinitionRouteLocator - Loaded RoutePredicateFactory [CloudFoundryRouteService]
2026-02-12 00:15:19.855 [main] INFO  o.s.b.a.e.web.EndpointLinksResolver - Exposing 7 endpoint(s) beneath base path '/actuator'
2026-02-12 00:15:21.850 [main] INFO  o.s.c.n.e.c.DiscoveryClientOptionalArgsConfiguration - Eureka HTTP Client uses RestTemplate.
2026-02-12 00:15:22.092 [main] WARN  o.s.c.l.c.LoadBalancerCacheAutoConfiguration$LoadBalancerCaffeineWarnLogger - Spring Cloud LoadBalancer is currently working with the default cache. While this cache implementation is useful for development and tests, it's recommended to use Caffeine cache in production.You can switch to using Caffeine cache, by adding it and org.springframework.cache.caffeine.CaffeineCacheManager to the classpath.
2026-02-12 00:15:22.771 [main] INFO  o.s.c.n.eureka.InstanceInfoFactory - Setting initial instance status as: STARTING
2026-02-12 00:15:22.885 [main] INFO  c.netflix.discovery.DiscoveryClient - Initializing Eureka in region us-east-1
2026-02-12 00:15:22.900 [main] INFO  c.n.d.s.r.aws.ConfigClusterResolver - Resolving eureka endpoints via configuration
2026-02-12 00:15:22.971 [main] INFO  c.netflix.discovery.DiscoveryClient - Disable delta property : false
2026-02-12 00:15:22.972 [main] INFO  c.netflix.discovery.DiscoveryClient - Single vip registry refresh property : null
2026-02-12 00:15:22.972 [main] INFO  c.netflix.discovery.DiscoveryClient - Force full registry fetch : false
2026-02-12 00:15:22.973 [main] INFO  c.netflix.discovery.DiscoveryClient - Application is null : false
2026-02-12 00:15:22.976 [main] INFO  c.netflix.discovery.DiscoveryClient - Registered Applications size is zero : true
2026-02-12 00:15:22.977 [main] INFO  c.netflix.discovery.DiscoveryClient - Application version is -1: true
2026-02-12 00:15:22.977 [main] INFO  c.netflix.discovery.DiscoveryClient - Getting all instance registry info from the eureka server
2026-02-12 00:15:24.224 [main] INFO  c.netflix.discovery.DiscoveryClient - The response status is 200
2026-02-12 00:15:24.238 [main] INFO  c.netflix.discovery.DiscoveryClient - Starting heartbeat executor: renew interval is: 30
2026-02-12 00:15:24.248 [main] INFO  c.n.discovery.InstanceInfoReplicator - InstanceInfoReplicator onDemand update allowed rate per min is 4
2026-02-12 00:15:24.297 [main] INFO  c.netflix.discovery.DiscoveryClient - Discovery Client initialized at timestamp 1770835524296 with initial instances count: 0
2026-02-12 00:15:24.302 [main] INFO  o.s.c.n.e.s.EurekaServiceRegistry - Registering application API-GATEWAY with eureka with status UP
2026-02-12 00:15:24.304 [main] INFO  c.netflix.discovery.DiscoveryClient - Saw local status change event StatusChangeEvent [timestamp=1770835524304, current=UP, previous=STARTING]
2026-02-12 00:15:24.310 [DiscoveryClient-InstanceInfoReplicator-0] INFO  c.netflix.discovery.DiscoveryClient - DiscoveryClient_API-GATEWAY/host.docker.internal:api-gateway:8080: registering service...
2026-02-12 00:15:24.726 [DiscoveryClient-InstanceInfoReplicator-0] INFO  c.netflix.discovery.DiscoveryClient - DiscoveryClient_API-GATEWAY/host.docker.internal:api-gateway:8080 - registration status: 204
2026-02-12 00:15:25.061 [main] INFO  o.s.b.w.e.netty.NettyWebServer - Netty started on port 8080
2026-02-12 00:15:25.070 [main] INFO  o.s.c.n.e.s.EurekaAutoServiceRegistration - Updating port to 8080
2026-02-12 00:15:29.645 [main] INFO  c.e.apigateway.ApiGatewayApplication - Started ApiGatewayApplication in 44.248 seconds (process running for 47.171)
